[2025-06-05 09:55:34Z INFO HostContext] No proxy settings were found based on environmental variables (http_proxy/https_proxy/HTTP_PROXY/HTTPS_PROXY)
[2025-06-05 09:55:34Z INFO HostContext] Well known directory 'Bin': '/home/vagrant/minikube_workspace/actions-runner/bin'
[2025-06-05 09:55:34Z INFO HostContext] Well known directory 'Root': '/home/vagrant/minikube_workspace/actions-runner'
[2025-06-05 09:55:34Z INFO HostContext] Well known config file 'Credentials': '/home/vagrant/minikube_workspace/actions-runner/.credentials'
[2025-06-05 09:55:34Z INFO HostContext] Well known directory 'Bin': '/home/vagrant/minikube_workspace/actions-runner/bin'
[2025-06-05 09:55:34Z INFO HostContext] Well known directory 'Root': '/home/vagrant/minikube_workspace/actions-runner'
[2025-06-05 09:55:34Z INFO HostContext] Well known config file 'Runner': '/home/vagrant/minikube_workspace/actions-runner/.runner'
[2025-06-05 09:55:34Z INFO Listener] Runner is built for Linux (X64) - linux-x64.
[2025-06-05 09:55:34Z INFO Listener] RuntimeInformation: Ubuntu 22.04.5 LTS.
[2025-06-05 09:55:34Z INFO Listener] Version: 2.324.0
[2025-06-05 09:55:34Z INFO Listener] Commit: da3412efd49b1cf1a0fbdcbcee4e4ac4cc2177c8
[2025-06-05 09:55:34Z INFO Listener] Culture: 
[2025-06-05 09:55:34Z INFO Listener] UI Culture: 
[2025-06-05 09:55:34Z INFO HostContext] Well known directory 'Bin': '/home/vagrant/minikube_workspace/actions-runner/bin'
[2025-06-05 09:55:34Z INFO HostContext] Well known directory 'Root': '/home/vagrant/minikube_workspace/actions-runner'
[2025-06-05 09:55:34Z INFO Listener] Validating directory permissions for: '/home/vagrant/minikube_workspace/actions-runner'
[2025-06-05 09:55:34Z INFO CommandLineParser] Parse
[2025-06-05 09:55:34Z INFO CommandLineParser] Parsing 5 args
[2025-06-05 09:55:34Z INFO CommandLineParser] parsing argument
[2025-06-05 09:55:34Z INFO CommandLineParser] HasArgs: False
[2025-06-05 09:55:34Z INFO CommandLineParser] Adding Command: configure
[2025-06-05 09:55:34Z INFO CommandLineParser] parsing argument
[2025-06-05 09:55:34Z INFO CommandLineParser] HasArgs: True
[2025-06-05 09:55:34Z INFO CommandLineParser] arg: url
[2025-06-05 09:55:34Z INFO CommandLineParser] parsing argument
[2025-06-05 09:55:34Z INFO CommandLineParser] HasArgs: True
[2025-06-05 09:55:34Z INFO CommandLineParser] Adding option 'url': 'https://github.com/ZarrTech/minikube_html_dep'
[2025-06-05 09:55:34Z INFO CommandLineParser] parsing argument
[2025-06-05 09:55:34Z INFO CommandLineParser] HasArgs: True
[2025-06-05 09:55:34Z INFO CommandLineParser] arg: token
[2025-06-05 09:55:34Z INFO CommandLineParser] parsing argument
[2025-06-05 09:55:34Z INFO CommandLineParser] HasArgs: True
[2025-06-05 09:55:34Z INFO CommandLineParser] Adding option 'token': '***'
[2025-06-05 09:55:34Z INFO Listener] Arguments parsed
[2025-06-05 09:55:34Z INFO Runner] ExecuteCommand
[2025-06-05 09:55:34Z INFO ConfigurationStore] currentAssemblyLocation: /home/vagrant/minikube_workspace/actions-runner/bin/Runner.Listener.dll
[2025-06-05 09:55:34Z INFO HostContext] Well known directory 'Bin': '/home/vagrant/minikube_workspace/actions-runner/bin'
[2025-06-05 09:55:34Z INFO ConfigurationStore] binPath: /home/vagrant/minikube_workspace/actions-runner/bin
[2025-06-05 09:55:34Z INFO HostContext] Well known directory 'Bin': '/home/vagrant/minikube_workspace/actions-runner/bin'
[2025-06-05 09:55:34Z INFO HostContext] Well known directory 'Root': '/home/vagrant/minikube_workspace/actions-runner'
[2025-06-05 09:55:34Z INFO ConfigurationStore] RootFolder: /home/vagrant/minikube_workspace/actions-runner
[2025-06-05 09:55:34Z INFO HostContext] Well known directory 'Bin': '/home/vagrant/minikube_workspace/actions-runner/bin'
[2025-06-05 09:55:34Z INFO HostContext] Well known directory 'Root': '/home/vagrant/minikube_workspace/actions-runner'
[2025-06-05 09:55:34Z INFO HostContext] Well known config file 'Runner': '/home/vagrant/minikube_workspace/actions-runner/.runner'
[2025-06-05 09:55:34Z INFO ConfigurationStore] ConfigFilePath: /home/vagrant/minikube_workspace/actions-runner/.runner
[2025-06-05 09:55:34Z INFO HostContext] Well known directory 'Bin': '/home/vagrant/minikube_workspace/actions-runner/bin'
[2025-06-05 09:55:34Z INFO HostContext] Well known directory 'Root': '/home/vagrant/minikube_workspace/actions-runner'
[2025-06-05 09:55:34Z INFO HostContext] Well known config file 'MigratedRunner': '/home/vagrant/minikube_workspace/actions-runner/.runner_migrated'
[2025-06-05 09:55:34Z INFO ConfigurationStore] MigratedConfigFilePath: /home/vagrant/minikube_workspace/actions-runner/.runner_migrated
[2025-06-05 09:55:34Z INFO HostContext] Well known directory 'Bin': '/home/vagrant/minikube_workspace/actions-runner/bin'
[2025-06-05 09:55:34Z INFO HostContext] Well known directory 'Root': '/home/vagrant/minikube_workspace/actions-runner'
[2025-06-05 09:55:34Z INFO HostContext] Well known config file 'Credentials': '/home/vagrant/minikube_workspace/actions-runner/.credentials'
[2025-06-05 09:55:34Z INFO ConfigurationStore] CredFilePath: /home/vagrant/minikube_workspace/actions-runner/.credentials
[2025-06-05 09:55:34Z INFO HostContext] Well known directory 'Bin': '/home/vagrant/minikube_workspace/actions-runner/bin'
[2025-06-05 09:55:34Z INFO HostContext] Well known directory 'Root': '/home/vagrant/minikube_workspace/actions-runner'
[2025-06-05 09:55:34Z INFO HostContext] Well known config file 'MigratedCredentials': '/home/vagrant/minikube_workspace/actions-runner/.credentials_migrated'
[2025-06-05 09:55:34Z INFO ConfigurationStore] MigratedCredFilePath: /home/vagrant/minikube_workspace/actions-runner/.credentials_migrated
[2025-06-05 09:55:34Z INFO HostContext] Well known directory 'Bin': '/home/vagrant/minikube_workspace/actions-runner/bin'
[2025-06-05 09:55:34Z INFO HostContext] Well known directory 'Root': '/home/vagrant/minikube_workspace/actions-runner'
[2025-06-05 09:55:34Z INFO HostContext] Well known config file 'Service': '/home/vagrant/minikube_workspace/actions-runner/.service'
[2025-06-05 09:55:34Z INFO ConfigurationStore] ServiceConfigFilePath: /home/vagrant/minikube_workspace/actions-runner/.service
[2025-06-05 09:55:34Z INFO CommandSettings] Flag 'help': 'False'
[2025-06-05 09:55:34Z INFO CommandSettings] Flag 'version': 'False'
[2025-06-05 09:55:34Z INFO CommandSettings] Flag 'commit': 'False'
[2025-06-05 09:55:34Z INFO CommandSettings] Flag 'check': 'False'
[2025-06-05 09:55:34Z INFO CommandSettings] Command 'configure': 'True'
[2025-06-05 09:55:34Z INFO Terminal] WRITE LINE: 
[2025-06-05 09:55:34Z INFO Terminal] WRITE LINE: --------------------------------------------------------------------------------
[2025-06-05 09:55:34Z INFO Terminal] WRITE LINE: |        ____ _ _   _   _       _          _        _   _                      |
[2025-06-05 09:55:34Z INFO Terminal] WRITE LINE: |       / ___(_) |_| | | |_   _| |__      / \   ___| |_(_) ___  _ __  ___      |
[2025-06-05 09:55:34Z INFO Terminal] WRITE LINE: |      | |  _| | __| |_| | | | | '_ \    / _ \ / __| __| |/ _ \| '_ \/ __|     |
[2025-06-05 09:55:34Z INFO Terminal] WRITE LINE: |      | |_| | | |_|  _  | |_| | |_) |  / ___ \ (__| |_| | (_) | | | \__ \     |
[2025-06-05 09:55:34Z INFO Terminal] WRITE LINE: |       \____|_|\__|_| |_|\__,_|_.__/  /_/   \_\___|\__|_|\___/|_| |_|___/     |
[2025-06-05 09:55:34Z INFO Terminal] WRITE LINE: |                                                                              |
[2025-06-05 09:55:34Z INFO Terminal] WRITE: |                       
[2025-06-05 09:55:34Z INFO Terminal] WRITE: Self-hosted runner registration
[2025-06-05 09:55:34Z INFO Terminal] WRITE LINE:                         |
[2025-06-05 09:55:34Z INFO Terminal] WRITE LINE: |                                                                              |
[2025-06-05 09:55:34Z INFO Terminal] WRITE LINE: --------------------------------------------------------------------------------
[2025-06-05 09:55:34Z INFO ConfigurationManager] ConfigureAsync
[2025-06-05 09:55:34Z INFO CommandSettings] Flag 'generateServiceConfig': 'False'
[2025-06-05 09:55:34Z INFO ConfigurationStore] IsConfigured()
[2025-06-05 09:55:34Z INFO ConfigurationStore] IsConfigured: False
[2025-06-05 09:55:34Z INFO ConfigurationManager] Is configured: False
[2025-06-05 09:55:34Z INFO CommandSettings] Arg 'url': 'https://github.com/ZarrTech/minikube_html_dep'
[2025-06-05 09:55:34Z INFO CommandSettings] Remove url from Arg dictionary.
[2025-06-05 09:55:34Z INFO CommandSettings] Arg 'token': '***'
[2025-06-05 09:55:34Z INFO CommandSettings] Remove token from Arg dictionary.
[2025-06-05 09:55:35Z INFO ConfigurationManager] Http response code: OK from 'POST https://api.github.com/actions/runner-registration' (E6FA:2EADE2:4F87A35:51B40F0:68416996)
[2025-06-05 09:55:35Z INFO ConfigurationManager] Using V2 flow: False
[2025-06-05 09:55:35Z INFO ConfigurationManager] cred retrieved via GitHub auth
[2025-06-05 09:55:35Z INFO RunnerServer] EstablishVssConnection
[2025-06-05 09:55:35Z INFO RunnerServer] Establish connection with 100 seconds timeout.
[2025-06-05 09:55:35Z INFO GitHubActionsService] Starting operation Location.GetConnectionData
[2025-06-05 09:55:36Z INFO RunnerServer] EstablishVssConnection
[2025-06-05 09:55:36Z INFO RunnerServer] Establish connection with 60 seconds timeout.
[2025-06-05 09:55:36Z INFO GitHubActionsService] Starting operation Location.GetConnectionData
[2025-06-05 09:55:36Z INFO RunnerServer] EstablishVssConnection
[2025-06-05 09:55:36Z INFO RunnerServer] Establish connection with 60 seconds timeout.
[2025-06-05 09:55:36Z INFO GitHubActionsService] Starting operation Location.GetConnectionData
[2025-06-05 09:55:37Z INFO GitHubActionsService] Finished operation Location.GetConnectionData
[2025-06-05 09:55:37Z INFO GitHubActionsService] Finished operation Location.GetConnectionData
[2025-06-05 09:55:37Z INFO GitHubActionsService] Finished operation Location.GetConnectionData
[2025-06-05 09:55:38Z INFO Terminal] WRITE LINE: 
[2025-06-05 09:55:38Z INFO ConfigurationManager] Test Connection complete.
[2025-06-05 09:55:38Z INFO HostContext] Well known directory 'Bin': '/home/vagrant/minikube_workspace/actions-runner/bin'
[2025-06-05 09:55:38Z INFO HostContext] Well known directory 'Root': '/home/vagrant/minikube_workspace/actions-runner'
[2025-06-05 09:55:38Z INFO HostContext] Well known config file 'RSACredentials': '/home/vagrant/minikube_workspace/actions-runner/.credentials_rsaparams'
[2025-06-05 09:55:38Z INFO RSAFileKeyManager] Creating new RSA key using 2048-bit key length
[2025-06-05 09:55:39Z INFO RSAFileKeyManager] Successfully saved RSA key parameters to file /home/vagrant/minikube_workspace/actions-runner/.credentials_rsaparams
[2025-06-05 09:55:39Z INFO RSAFileKeyManager] Which2: 'chmod'
[2025-06-05 09:55:39Z INFO RSAFileKeyManager] Location: '/usr/bin/chmod'
[2025-06-05 09:55:39Z INFO HostContext] Well known directory 'Bin': '/home/vagrant/minikube_workspace/actions-runner/bin'
[2025-06-05 09:55:39Z INFO HostContext] Well known directory 'Root': '/home/vagrant/minikube_workspace/actions-runner'
[2025-06-05 09:55:39Z INFO ProcessInvokerWrapper] Starting process:
[2025-06-05 09:55:39Z INFO ProcessInvokerWrapper]   File name: '/usr/bin/chmod'
[2025-06-05 09:55:39Z INFO ProcessInvokerWrapper]   Arguments: '600 /home/vagrant/minikube_workspace/actions-runner/.credentials_rsaparams'
[2025-06-05 09:55:39Z INFO ProcessInvokerWrapper]   Working directory: '/home/vagrant/minikube_workspace/actions-runner'
[2025-06-05 09:55:39Z INFO ProcessInvokerWrapper]   Require exit code zero: 'False'
[2025-06-05 09:55:39Z INFO ProcessInvokerWrapper]   Encoding web name:  ; code page: ''
[2025-06-05 09:55:39Z INFO ProcessInvokerWrapper]   Force kill process on cancellation: 'False'
[2025-06-05 09:55:39Z INFO ProcessInvokerWrapper]   Redirected STDIN: 'False'
[2025-06-05 09:55:39Z INFO ProcessInvokerWrapper]   Persist current code page: 'False'
[2025-06-05 09:55:39Z INFO ProcessInvokerWrapper]   Keep redirected STDIN open: 'False'
[2025-06-05 09:55:39Z INFO ProcessInvokerWrapper]   High priority process: 'False'
[2025-06-05 09:55:39Z INFO ProcessInvokerWrapper] STDOUT/STDERR stream read finished.
[2025-06-05 09:55:39Z INFO ProcessInvokerWrapper] STDOUT/STDERR stream read finished.
[2025-06-05 09:55:39Z INFO ProcessInvokerWrapper] Process started with process id 125529, waiting for process exit.
[2025-06-05 09:55:39Z INFO ProcessInvokerWrapper] Finished process 125529 with exit code 0, and elapsed time 00:00:00.0385771.
[2025-06-05 09:55:39Z INFO RSAFileKeyManager] Successfully set permissions for RSA key parameters file /home/vagrant/minikube_workspace/actions-runner/.credentials_rsaparams
[2025-06-05 09:55:40Z INFO CommandSettings] Arg 'runnergroup': ''
[2025-06-05 09:55:40Z INFO CommandSettings] Flag 'unattended': 'False'
[2025-06-05 09:55:40Z INFO PromptManager] ReadValue
[2025-06-05 09:55:40Z INFO Terminal] WRITE: Enter the name of the runner group to add this runner to: 
[2025-06-05 09:55:40Z INFO Terminal] WRITE: [press Enter for Default] 
[2025-06-05 09:55:40Z INFO Terminal] READ LINE
[2025-06-05 09:56:04Z INFO Terminal] Read value: ''
[2025-06-05 09:56:04Z INFO PromptManager] Falling back to the default: 'Default'
[2025-06-05 09:56:04Z INFO Terminal] WRITE LINE: 
[2025-06-05 09:56:04Z INFO ConfigurationManager] Found a self-hosted runner group with id 1 and name Default
[2025-06-05 09:56:04Z INFO CommandSettings] Flag 'disableupdate': 'False'
[2025-06-05 09:56:04Z INFO CommandSettings] Flag 'ephemeral': 'False'
[2025-06-05 09:56:04Z INFO CommandSettings] Arg 'name': ''
[2025-06-05 09:56:04Z INFO CommandSettings] Flag 'unattended': 'False'
[2025-06-05 09:56:04Z INFO PromptManager] ReadValue
[2025-06-05 09:56:04Z INFO Terminal] WRITE: Enter the name of runner: 
[2025-06-05 09:56:04Z INFO Terminal] WRITE: [press Enter for remote] 
[2025-06-05 09:56:04Z INFO Terminal] READ LINE
[2025-06-05 09:56:09Z INFO Terminal] Read value: ''
[2025-06-05 09:56:09Z INFO PromptManager] Falling back to the default: 'remote'
[2025-06-05 09:56:09Z INFO Terminal] WRITE LINE: 
[2025-06-05 09:56:09Z INFO CommandSettings] Arg 'labels': ''
[2025-06-05 09:56:09Z INFO CommandSettings] Flag 'unattended': 'False'
[2025-06-05 09:56:09Z INFO PromptManager] ReadValue
[2025-06-05 09:56:09Z INFO Terminal] WRITE: This runner will have the following labels: 'self-hosted', 'Linux', 'X64' 
Enter any additional labels (ex. label-1,label-2): 
[2025-06-05 09:56:09Z INFO Terminal] WRITE: [press Enter to skip] 
[2025-06-05 09:56:09Z INFO Terminal] READ LINE
[2025-06-05 09:56:13Z INFO Terminal] Read value: ''
[2025-06-05 09:56:13Z INFO Terminal] WRITE LINE: 
[2025-06-05 09:56:14Z INFO CommandSettings] Flag 'disableupdate': 'False'
[2025-06-05 09:56:14Z INFO CommandSettings] Flag 'no-default-labels': 'False'
[2025-06-05 09:56:14Z INFO CommandSettings] Flag 'disableupdate': 'False'
[2025-06-05 09:56:14Z INFO CommandSettings] Flag 'ephemeral': 'False'
[2025-06-05 09:56:14Z INFO ConfigurationStore] Saving OAuth credential @ /home/vagrant/minikube_workspace/actions-runner/.credentials
[2025-06-05 09:56:14Z INFO ConfigurationStore] Credentials Saved.
[2025-06-05 09:56:14Z INFO ConfigurationStore] HasCredentials()
[2025-06-05 09:56:14Z INFO ConfigurationStore] stored True
[2025-06-05 09:56:14Z INFO CredentialManager] GetCredentialProvider
[2025-06-05 09:56:14Z INFO CredentialManager] Creating type OAuth
[2025-06-05 09:56:14Z INFO CredentialManager] Creating credential type: OAuth
[2025-06-05 09:56:14Z INFO RSAFileKeyManager] Loading RSA key parameters from file /home/vagrant/minikube_workspace/actions-runner/.credentials_rsaparams
[2025-06-05 09:56:14Z INFO RunnerServer] EstablishVssConnection
[2025-06-05 09:56:14Z INFO RunnerServer] Establish connection with 100 seconds timeout.
[2025-06-05 09:56:14Z INFO GitHubActionsService] Starting operation Location.GetConnectionData
[2025-06-05 09:56:14Z INFO RunnerServer] EstablishVssConnection
[2025-06-05 09:56:14Z INFO RunnerServer] Establish connection with 60 seconds timeout.
[2025-06-05 09:56:14Z INFO GitHubActionsService] Starting operation Location.GetConnectionData
[2025-06-05 09:56:14Z INFO RunnerServer] EstablishVssConnection
[2025-06-05 09:56:14Z INFO RunnerServer] Establish connection with 60 seconds timeout.
[2025-06-05 09:56:14Z INFO GitHubActionsService] Starting operation Location.GetConnectionData
[2025-06-05 09:56:15Z INFO GitHubActionsService] Finished operation Location.GetConnectionData
[2025-06-05 09:56:15Z INFO GitHubActionsService] Finished operation Location.GetConnectionData
[2025-06-05 09:56:15Z INFO GitHubActionsService] Finished operation Location.GetConnectionData
[2025-06-05 09:56:16Z INFO RSAFileKeyManager] Loading RSA key parameters from file /home/vagrant/minikube_workspace/actions-runner/.credentials_rsaparams
[2025-06-05 09:56:16Z INFO RSAFileKeyManager] Loading RSA key parameters from file /home/vagrant/minikube_workspace/actions-runner/.credentials_rsaparams
[2025-06-05 09:56:18Z INFO GitHubActionsService] AAD Correlation ID for this token request: Unknown
[2025-06-05 09:56:18Z WARN GitHubActionsService] Retrieving an AAD auth token took a long time (2.4734578 seconds)
[2025-06-05 09:56:18Z INFO ConfigurationManager] Service enforced serverUrlV2: https://broker.actions.githubusercontent.com/
[2025-06-05 09:56:18Z INFO ConfigurationManager] Service enforced useV2Flow: True
[2025-06-05 09:56:18Z INFO CommandSettings] Arg 'work': ''
[2025-06-05 09:56:18Z INFO CommandSettings] Flag 'unattended': 'False'
[2025-06-05 09:56:18Z INFO PromptManager] ReadValue
[2025-06-05 09:56:18Z INFO Terminal] WRITE: Enter name of work folder: 
[2025-06-05 09:56:18Z INFO Terminal] WRITE: [press Enter for _work] 
[2025-06-05 09:56:18Z INFO Terminal] READ LINE
[2025-06-05 09:56:25Z INFO Terminal] Read value: ''
[2025-06-05 09:56:25Z INFO PromptManager] Falling back to the default: '_work'
[2025-06-05 09:56:25Z INFO ConfigurationStore] Saving runner settings.
[2025-06-05 09:56:25Z INFO ConfigurationStore] Settings Saved.
[2025-06-05 09:56:25Z INFO Terminal] WRITE LINE: 
[2025-06-05 09:56:25Z INFO Terminal] WRITE LINE: 
[2025-06-05 09:56:25Z INFO SystemDControlManager] Service name 'actions.runner.ZarrTech-minikube_html_dep.remote.service' display name 'GitHub Actions Runner (ZarrTech-minikube_html_dep.remote)' will be used for service configuration.
[2025-06-05 09:56:25Z INFO HostContext] Well known directory 'Bin': '/home/vagrant/minikube_workspace/actions-runner/bin'
[2025-06-05 09:56:25Z INFO HostContext] Well known directory 'Root': '/home/vagrant/minikube_workspace/actions-runner'
[2025-06-05 09:56:25Z INFO HostContext] Well known directory 'Bin': '/home/vagrant/minikube_workspace/actions-runner/bin'
[2025-06-05 09:56:25Z INFO HostContext] Well known directory 'Bin': '/home/vagrant/minikube_workspace/actions-runner/bin'
[2025-06-05 09:56:25Z INFO HostContext] Well known directory 'Root': '/home/vagrant/minikube_workspace/actions-runner'
[2025-06-05 09:56:25Z INFO UnixUtil] Which2: 'chmod'
[2025-06-05 09:56:25Z INFO UnixUtil] Location: '/usr/bin/chmod'
[2025-06-05 09:56:25Z INFO UnixUtil] Running /usr/bin/chmod 755 "/home/vagrant/minikube_workspace/actions-runner/svc.sh"
[2025-06-05 09:56:25Z INFO ProcessInvokerWrapper] Starting process:
[2025-06-05 09:56:25Z INFO ProcessInvokerWrapper]   File name: '/usr/bin/chmod'
[2025-06-05 09:56:25Z INFO ProcessInvokerWrapper]   Arguments: '755 "/home/vagrant/minikube_workspace/actions-runner/svc.sh"'
[2025-06-05 09:56:25Z INFO ProcessInvokerWrapper]   Working directory: '/home/vagrant/minikube_workspace/actions-runner'
[2025-06-05 09:56:25Z INFO ProcessInvokerWrapper]   Require exit code zero: 'True'
[2025-06-05 09:56:25Z INFO ProcessInvokerWrapper]   Encoding web name:  ; code page: ''
[2025-06-05 09:56:25Z INFO ProcessInvokerWrapper]   Force kill process on cancellation: 'False'
[2025-06-05 09:56:25Z INFO ProcessInvokerWrapper]   Redirected STDIN: 'False'
[2025-06-05 09:56:25Z INFO ProcessInvokerWrapper]   Persist current code page: 'False'
[2025-06-05 09:56:25Z INFO ProcessInvokerWrapper]   Keep redirected STDIN open: 'False'
[2025-06-05 09:56:25Z INFO ProcessInvokerWrapper]   High priority process: 'False'
[2025-06-05 09:56:25Z INFO ProcessInvokerWrapper] Failed to update oom_score_adj for PID: 125682.
[2025-06-05 09:56:25Z INFO ProcessInvokerWrapper] System.IO.DirectoryNotFoundException: Could not find a part of the path '/proc/125682/oom_score_adj'.
   at Interop.ThrowExceptionForIoErrno(ErrorInfo errorInfo, String path, Boolean isDirError)
   at Microsoft.Win32.SafeHandles.SafeFileHandle.Open(String path, OpenFlags flags, Int32 mode, Boolean failForSymlink, Boolean& wasSymlink, Func`4 createOpenException)
   at Microsoft.Win32.SafeHandles.SafeFileHandle.Open(String fullPath, FileMode mode, FileAccess access, FileShare share, FileOptions options, Int64 preallocationSize, UnixFileMode openPermissions, Int64& fileLength, UnixFileMode& filePermissions, Boolean failForSymlink, Boolean& wasSymlink, Func`4 createOpenException)
   at System.IO.File.OpenHandle(String path, FileMode mode, FileAccess access, FileShare share, FileOptions options, Int64 preallocationSize)
   at System.IO.File.WriteToFile(String path, FileMode mode, String contents, Encoding encoding)
   at GitHub.Runner.Sdk.ProcessInvoker.WriteProcessOomScoreAdj(Int32 processId, Int32 oomScoreAdj)
[2025-06-05 09:56:25Z INFO ProcessInvokerWrapper] Process started with process id 125682, waiting for process exit.
[2025-06-05 09:56:25Z INFO ProcessInvokerWrapper] STDOUT/STDERR stream read finished.
[2025-06-05 09:56:25Z INFO ProcessInvokerWrapper] STDOUT/STDERR stream read finished.
[2025-06-05 09:56:25Z INFO ProcessInvokerWrapper] Finished process 125682 with exit code 0, and elapsed time 00:00:00.0275499.
[2025-06-05 09:56:25Z INFO Listener] Runner execution has finished with return code 0
